# JRE version: Java(TM) SE Runtime Environment (8.0_391) (build 1.8.0_391-b13)
# Java VM: Java HotSpot(TM) 64-Bit Server VM (25.391-b13 mixed mode windows-amd64 compressed oops)
Heap:
 PSYoungGen      total 422912K, used 59092K [0x0000000715f00000, 0x0000000731100000, 0x00000007c0000000)
  eden space 401408K, 14% used [0x0000000715f00000,0x00000007198b52e0,0x000000072e700000)
  from space 21504K, 0% used [0x000000072e700000,0x000000072e700000,0x000000072fc00000)
  to   space 21504K, 0% used [0x000000072fc00000,0x000000072fc00000,0x0000000731100000)
 ParOldGen       total 304640K, used 89642K [0x00000005c1c00000, 0x00000005d4580000, 0x0000000715f00000)
  object space 304640K, 29% used [0x00000005c1c00000,0x00000005c738a858,0x00000005d4580000)
 Metaspace       used 45064K, capacity 45732K, committed 46080K, reserved 1089536K
  class space    used 6387K, capacity 6608K, committed 6656K, reserved 1048576K
GC Heap History (10 events):
Event: 11.128 GC heap before
{Heap before GC invocations=9 (full 4):
 PSYoungGen      total 408576K, used 6970K [0x0000000715f00000, 0x0000000731100000, 0x00000007c0000000)
  eden space 401408K, 0% used [0x0000000715f00000,0x0000000715f00000,0x000000072e700000)
  from space 7168K, 97% used [0x000000072f180000,0x000000072f84eb58,0x000000072f880000)
  to   space 21504K, 0% used [0x000000072fc00000,0x000000072fc00000,0x0000000731100000)
 ParOldGen       total 304640K, used 47739K [0x00000005c1c00000, 0x00000005d4580000, 0x0000000715f00000)
  object space 304640K, 15% used [0x00000005c1c00000,0x00000005c4a9eda0,0x00000005d4580000)
 Metaspace       used 42116K, capacity 42708K, committed 43008K, reserved 1085440K
  class space    used 6188K, capacity 6384K, committed 6400K, reserved 1048576K
Event: 11.238 GC heap after
Heap after GC invocations=9 (full 4):
 PSYoungGen      total 408576K, used 0K [0x0000000715f00000, 0x0000000731100000, 0x00000007c0000000)
  eden space 401408K, 0% used [0x0000000715f00000,0x0000000715f00000,0x000000072e700000)
  from space 7168K, 0% used [0x000000072f180000,0x000000072f180000,0x000000072f880000)
  to   space 21504K, 0% used [0x000000072fc00000,0x000000072fc00000,0x0000000731100000)
 ParOldGen       total 304640K, used 49042K [0x00000005c1c00000, 0x00000005d4580000, 0x0000000715f00000)
  object space 304640K, 16% used [0x00000005c1c00000,0x00000005c4be49c0,0x00000005d4580000)
 Metaspace       used 42116K, capacity 42708K, committed 43008K, reserved 1085440K
  class space    used 6188K, capacity 6384K, committed 6400K, reserved 1048576K
}
Event: 11.238 GC heap before
{Heap before GC invocations=10 (full 4):
 PSYoungGen      total 408576K, used 0K [0x0000000715f00000, 0x0000000731100000, 0x00000007c0000000)
  eden space 401408K, 0% used [0x0000000715f00000,0x0000000715f00000,0x000000072e700000)
  from space 7168K, 0% used [0x000000072f180000,0x000000072f180000,0x000000072f880000)
  to   space 21504K, 0% used [0x000000072fc00000,0x000000072fc00000,0x0000000731100000)
 ParOldGen       total 304640K, used 49042K [0x00000005c1c00000, 0x00000005d4580000, 0x0000000715f00000)
  object space 304640K, 16% used [0x00000005c1c00000,0x00000005c4be49c0,0x00000005d4580000)
 Metaspace       used 42116K, capacity 42708K, committed 43008K, reserved 1085440K
  class space    used 6188K, capacity 6384K, committed 6400K, reserved 1048576K
Event: 11.240 GC heap after
Heap after GC invocations=10 (full 4):
 PSYoungGen      total 422912K, used 0K [0x0000000715f00000, 0x0000000731100000, 0x00000007c0000000)
  eden space 401408K, 0% used [0x0000000715f00000,0x0000000715f00000,0x000000072e700000)
  from space 21504K, 0% used [0x000000072fc00000,0x000000072fc00000,0x0000000731100000)
  to   space 21504K, 0% used [0x000000072e700000,0x000000072e700000,0x000000072fc00000)
 ParOldGen       total 304640K, used 49042K [0x00000005c1c00000, 0x00000005d4580000, 0x0000000715f00000)
  object space 304640K, 16% used [0x00000005c1c00000,0x00000005c4be49c0,0x00000005d4580000)
 Metaspace       used 42116K, capacity 42708K, committed 43008K, reserved 1085440K
  class space    used 6188K, capacity 6384K, committed 6400K, reserved 1048576K
}
Event: 11.240 GC heap before
{Heap before GC invocations=11 (full 5):
 PSYoungGen      total 422912K, used 0K [0x0000000715f00000, 0x0000000731100000, 0x00000007c0000000)
  eden space 401408K, 0% used [0x0000000715f00000,0x0000000715f00000,0x000000072e700000)
  from space 21504K, 0% used [0x000000072fc00000,0x000000072fc00000,0x0000000731100000)
  to   space 21504K, 0% used [0x000000072e700000,0x000000072e700000,0x000000072fc00000)
 ParOldGen       total 304640K, used 49042K [0x00000005c1c00000, 0x00000005d4580000, 0x0000000715f00000)
  object space 304640K, 16% used [0x00000005c1c00000,0x00000005c4be49c0,0x00000005d4580000)
 Metaspace       used 42116K, capacity 42708K, committed 43008K, reserved 1085440K
  class space    used 6188K, capacity 6384K, committed 6400K, reserved 1048576K
Event: 11.274 GC heap after
Heap after GC invocations=11 (full 5):
 PSYoungGen      total 422912K, used 0K [0x0000000715f00000, 0x0000000731100000, 0x00000007c0000000)
  eden space 401408K, 0% used [0x0000000715f00000,0x0000000715f00000,0x000000072e700000)
  from space 21504K, 0% used [0x000000072fc00000,0x000000072fc00000,0x0000000731100000)
  to   space 21504K, 0% used [0x000000072e700000,0x000000072e700000,0x000000072fc00000)
 ParOldGen       total 304640K, used 49042K [0x00000005c1c00000, 0x00000005d4580000, 0x0000000715f00000)
  object space 304640K, 16% used [0x00000005c1c00000,0x00000005c4be49c0,0x00000005d4580000)
 Metaspace       used 42116K, capacity 42708K, committed 43008K, reserved 1085440K
  class space    used 6188K, capacity 6384K, committed 6400K, reserved 1048576K
}
Event: 12.228 GC heap before
{Heap before GC invocations=12 (full 5):
 PSYoungGen      total 422912K, used 170082K [0x0000000715f00000, 0x0000000731100000, 0x00000007c0000000)
  eden space 401408K, 42% used [0x0000000715f00000,0x0000000720518b58,0x000000072e700000)
  from space 21504K, 0% used [0x000000072fc00000,0x000000072fc00000,0x0000000731100000)
  to   space 21504K, 0% used [0x000000072e700000,0x000000072e700000,0x000000072fc00000)
 ParOldGen       total 304640K, used 49042K [0x00000005c1c00000, 0x00000005d4580000, 0x0000000715f00000)
  object space 304640K, 16% used [0x00000005c1c00000,0x00000005c4be49c0,0x00000005d4580000)
 Metaspace       used 44276K, capacity 44854K, committed 45312K, reserved 1087488K
  class space    used 6356K, capacity 6555K, committed 6656K, reserved 1048576K
Event: 12.246 GC heap after
Heap after GC invocations=12 (full 5):
 PSYoungGen      total 422912K, used 21503K [0x0000000715f00000, 0x0000000731100000, 0x00000007c0000000)
  eden space 401408K, 0% used [0x0000000715f00000,0x0000000715f00000,0x000000072e700000)
  from space 21504K, 99% used [0x000000072e700000,0x000000072fbffe08,0x000000072fc00000)
  to   space 21504K, 0% used [0x000000072fc00000,0x000000072fc00000,0x0000000731100000)
 ParOldGen       total 304640K, used 75039K [0x00000005c1c00000, 0x00000005d4580000, 0x0000000715f00000)
  object space 304640K, 24% used [0x00000005c1c00000,0x00000005c6547c78,0x00000005d4580000)
 Metaspace       used 44276K, capacity 44854K, committed 45312K, reserved 1087488K
  class space    used 6356K, capacity 6555K, committed 6656K, reserved 1048576K
}
Event: 12.246 GC heap before
{Heap before GC invocations=13 (full 6):
 PSYoungGen      total 422912K, used 21503K [0x0000000715f00000, 0x0000000731100000, 0x00000007c0000000)
  eden space 401408K, 0% used [0x0000000715f00000,0x0000000715f00000,0x000000072e700000)
  from space 21504K, 99% used [0x000000072e700000,0x000000072fbffe08,0x000000072fc00000)
  to   space 21504K, 0% used [0x000000072fc00000,0x000000072fc00000,0x0000000731100000)
 ParOldGen       total 304640K, used 75039K [0x00000005c1c00000, 0x00000005d4580000, 0x0000000715f00000)
  object space 304640K, 24% used [0x00000005c1c00000,0x00000005c6547c78,0x00000005d4580000)
 Metaspace       used 44276K, capacity 44854K, committed 45312K, reserved 1087488K
  class space    used 6356K, capacity 6555K, committed 6656K, reserved 1048576K
Event: 12.357 GC heap after
Heap after GC invocations=13 (full 6):
 PSYoungGen      total 422912K, used 0K [0x0000000715f00000, 0x0000000731100000, 0x00000007c0000000)
  eden space 401408K, 0% used [0x0000000715f00000,0x0000000715f00000,0x000000072e700000)
  from space 21504K, 0% used [0x000000072e700000,0x000000072e700000,0x000000072fc00000)
  to   space 21504K, 0% used [0x000000072fc00000,0x000000072fc00000,0x0000000731100000)
 ParOldGen       total 304640K, used 89642K [0x00000005c1c00000, 0x00000005d4580000, 0x0000000715f00000)
  object space 304640K, 29% used [0x00000005c1c00000,0x00000005c738a858,0x00000005d4580000)
 Metaspace       used 44276K, capacity 44854K, committed 45312K, reserved 1087488K
  class space    used 6356K, capacity 6555K, committed 6656K, reserved 1048576K
}

