# JRE version: Java(TM) SE Runtime Environment (8.0_391) (build 1.8.0_391-b13)
# Java VM: Java HotSpot(TM) 64-Bit Server VM (25.391-b13 mixed mode windows-amd64 compressed oops)
Heap:
 PSYoungGen      total 420864K, used 143564K [0x0000000715f00000, 0x0000000730f00000, 0x00000007c0000000)
  eden space 399360K, 35% used [0x0000000715f00000,0x000000071eb33200,0x000000072e500000)
  from space 21504K, 0% used [0x000000072e500000,0x000000072e500000,0x000000072fa00000)
  to   space 21504K, 0% used [0x000000072fa00000,0x000000072fa00000,0x0000000730f00000)
 ParOldGen       total 309248K, used 91573K [0x00000005c1c00000, 0x00000005d4a00000, 0x0000000715f00000)
  object space 309248K, 29% used [0x00000005c1c00000,0x00000005c756d4b8,0x00000005d4a00000)
 Metaspace       used 45536K, capacity 46106K, committed 46592K, reserved 1089536K
  class space    used 6387K, capacity 6605K, committed 6656K, reserved 1048576K
GC Heap History (10 events):
Event: 8.331 GC heap before
{Heap before GC invocations=9 (full 4):
 PSYoungGen      total 405504K, used 5820K [0x0000000715f00000, 0x0000000730f00000, 0x00000007c0000000)
  eden space 399360K, 0% used [0x0000000715f00000,0x0000000715f00000,0x000000072e500000)
  from space 6144K, 94% used [0x000000072eb80000,0x000000072f12f2f8,0x000000072f180000)
  to   space 21504K, 0% used [0x000000072fa00000,0x000000072fa00000,0x0000000730f00000)
 ParOldGen       total 309248K, used 47755K [0x00000005c1c00000, 0x00000005d4a00000, 0x0000000715f00000)
  object space 309248K, 15% used [0x00000005c1c00000,0x00000005c4aa2ce0,0x00000005d4a00000)
 Metaspace       used 41755K, capacity 42292K, committed 42752K, reserved 1085440K
  class space    used 6161K, capacity 6352K, committed 6400K, reserved 1048576K
Event: 8.432 GC heap after
Heap after GC invocations=9 (full 4):
 PSYoungGen      total 405504K, used 0K [0x0000000715f00000, 0x0000000730f00000, 0x00000007c0000000)
  eden space 399360K, 0% used [0x0000000715f00000,0x0000000715f00000,0x000000072e500000)
  from space 6144K, 0% used [0x000000072eb80000,0x000000072eb80000,0x000000072f180000)
  to   space 21504K, 0% used [0x000000072fa00000,0x000000072fa00000,0x0000000730f00000)
 ParOldGen       total 309248K, used 48838K [0x00000005c1c00000, 0x00000005d4a00000, 0x0000000715f00000)
  object space 309248K, 15% used [0x00000005c1c00000,0x00000005c4bb19e8,0x00000005d4a00000)
 Metaspace       used 41755K, capacity 42292K, committed 42752K, reserved 1085440K
  class space    used 6161K, capacity 6352K, committed 6400K, reserved 1048576K
}
Event: 8.432 GC heap before
{Heap before GC invocations=10 (full 4):
 PSYoungGen      total 405504K, used 0K [0x0000000715f00000, 0x0000000730f00000, 0x00000007c0000000)
  eden space 399360K, 0% used [0x0000000715f00000,0x0000000715f00000,0x000000072e500000)
  from space 6144K, 0% used [0x000000072eb80000,0x000000072eb80000,0x000000072f180000)
  to   space 21504K, 0% used [0x000000072fa00000,0x000000072fa00000,0x0000000730f00000)
 ParOldGen       total 309248K, used 48838K [0x00000005c1c00000, 0x00000005d4a00000, 0x0000000715f00000)
  object space 309248K, 15% used [0x00000005c1c00000,0x00000005c4bb19e8,0x00000005d4a00000)
 Metaspace       used 41755K, capacity 42292K, committed 42752K, reserved 1085440K
  class space    used 6161K, capacity 6352K, committed 6400K, reserved 1048576K
Event: 8.434 GC heap after
Heap after GC invocations=10 (full 4):
 PSYoungGen      total 420864K, used 0K [0x0000000715f00000, 0x0000000730f00000, 0x00000007c0000000)
  eden space 399360K, 0% used [0x0000000715f00000,0x0000000715f00000,0x000000072e500000)
  from space 21504K, 0% used [0x000000072fa00000,0x000000072fa00000,0x0000000730f00000)
  to   space 21504K, 0% used [0x000000072e500000,0x000000072e500000,0x000000072fa00000)
 ParOldGen       total 309248K, used 48838K [0x00000005c1c00000, 0x00000005d4a00000, 0x0000000715f00000)
  object space 309248K, 15% used [0x00000005c1c00000,0x00000005c4bb19e8,0x00000005d4a00000)
 Metaspace       used 41755K, capacity 42292K, committed 42752K, reserved 1085440K
  class space    used 6161K, capacity 6352K, committed 6400K, reserved 1048576K
}
Event: 8.434 GC heap before
{Heap before GC invocations=11 (full 5):
 PSYoungGen      total 420864K, used 0K [0x0000000715f00000, 0x0000000730f00000, 0x00000007c0000000)
  eden space 399360K, 0% used [0x0000000715f00000,0x0000000715f00000,0x000000072e500000)
  from space 21504K, 0% used [0x000000072fa00000,0x000000072fa00000,0x0000000730f00000)
  to   space 21504K, 0% used [0x000000072e500000,0x000000072e500000,0x000000072fa00000)
 ParOldGen       total 309248K, used 48838K [0x00000005c1c00000, 0x00000005d4a00000, 0x0000000715f00000)
  object space 309248K, 15% used [0x00000005c1c00000,0x00000005c4bb19e8,0x00000005d4a00000)
 Metaspace       used 41755K, capacity 42292K, committed 42752K, reserved 1085440K
  class space    used 6161K, capacity 6352K, committed 6400K, reserved 1048576K
Event: 8.467 GC heap after
Heap after GC invocations=11 (full 5):
 PSYoungGen      total 420864K, used 0K [0x0000000715f00000, 0x0000000730f00000, 0x00000007c0000000)
  eden space 399360K, 0% used [0x0000000715f00000,0x0000000715f00000,0x000000072e500000)
  from space 21504K, 0% used [0x000000072fa00000,0x000000072fa00000,0x0000000730f00000)
  to   space 21504K, 0% used [0x000000072e500000,0x000000072e500000,0x000000072fa00000)
 ParOldGen       total 309248K, used 48838K [0x00000005c1c00000, 0x00000005d4a00000, 0x0000000715f00000)
  object space 309248K, 15% used [0x00000005c1c00000,0x00000005c4bb19e8,0x00000005d4a00000)
 Metaspace       used 41755K, capacity 42292K, committed 42752K, reserved 1085440K
  class space    used 6161K, capacity 6352K, committed 6400K, reserved 1048576K
}
Event: 9.747 GC heap before
{Heap before GC invocations=12 (full 5):
 PSYoungGen      total 420864K, used 173699K [0x0000000715f00000, 0x0000000730f00000, 0x00000007c0000000)
  eden space 399360K, 43% used [0x0000000715f00000,0x00000007208a0f88,0x000000072e500000)
  from space 21504K, 0% used [0x000000072fa00000,0x000000072fa00000,0x0000000730f00000)
  to   space 21504K, 0% used [0x000000072e500000,0x000000072e500000,0x000000072fa00000)
 ParOldGen       total 309248K, used 48838K [0x00000005c1c00000, 0x00000005d4a00000, 0x0000000715f00000)
  object space 309248K, 15% used [0x00000005c1c00000,0x00000005c4bb19e8,0x00000005d4a00000)
 Metaspace       used 43979K, capacity 44502K, committed 44928K, reserved 1087488K
  class space    used 6330K, capacity 6523K, committed 6528K, reserved 1048576K
Event: 9.765 GC heap after
Heap after GC invocations=12 (full 5):
 PSYoungGen      total 420864K, used 21479K [0x0000000715f00000, 0x0000000730f00000, 0x00000007c0000000)
  eden space 399360K, 0% used [0x0000000715f00000,0x0000000715f00000,0x000000072e500000)
  from space 21504K, 99% used [0x000000072e500000,0x000000072f9f9cd0,0x000000072fa00000)
  to   space 21504K, 0% used [0x000000072fa00000,0x000000072fa00000,0x0000000730f00000)
 ParOldGen       total 309248K, used 76534K [0x00000005c1c00000, 0x00000005d4a00000, 0x0000000715f00000)
  object space 309248K, 24% used [0x00000005c1c00000,0x00000005c66bdb60,0x00000005d4a00000)
 Metaspace       used 43979K, capacity 44502K, committed 44928K, reserved 1087488K
  class space    used 6330K, capacity 6523K, committed 6528K, reserved 1048576K
}
Event: 9.765 GC heap before
{Heap before GC invocations=13 (full 6):
 PSYoungGen      total 420864K, used 21479K [0x0000000715f00000, 0x0000000730f00000, 0x00000007c0000000)
  eden space 399360K, 0% used [0x0000000715f00000,0x0000000715f00000,0x000000072e500000)
  from space 21504K, 99% used [0x000000072e500000,0x000000072f9f9cd0,0x000000072fa00000)
  to   space 21504K, 0% used [0x000000072fa00000,0x000000072fa00000,0x0000000730f00000)
 ParOldGen       total 309248K, used 76534K [0x00000005c1c00000, 0x00000005d4a00000, 0x0000000715f00000)
  object space 309248K, 24% used [0x00000005c1c00000,0x00000005c66bdb60,0x00000005d4a00000)
 Metaspace       used 43979K, capacity 44502K, committed 44928K, reserved 1087488K
  class space    used 6330K, capacity 6523K, committed 6528K, reserved 1048576K
Event: 9.862 GC heap after
Heap after GC invocations=13 (full 6):
 PSYoungGen      total 420864K, used 0K [0x0000000715f00000, 0x0000000730f00000, 0x00000007c0000000)
  eden space 399360K, 0% used [0x0000000715f00000,0x0000000715f00000,0x000000072e500000)
  from space 21504K, 0% used [0x000000072e500000,0x000000072e500000,0x000000072fa00000)
  to   space 21504K, 0% used [0x000000072fa00000,0x000000072fa00000,0x0000000730f00000)
 ParOldGen       total 309248K, used 91573K [0x00000005c1c00000, 0x00000005d4a00000, 0x0000000715f00000)
  object space 309248K, 29% used [0x00000005c1c00000,0x00000005c756d4b8,0x00000005d4a00000)
 Metaspace       used 43979K, capacity 44502K, committed 44928K, reserved 1087488K
  class space    used 6330K, capacity 6523K, committed 6528K, reserved 1048576K
}

