# JRE version: Java(TM) SE Runtime Environment (8.0_391) (build 1.8.0_391-b13)
# Java VM: Java HotSpot(TM) 64-Bit Server VM (25.391-b13 mixed mode windows-amd64 compressed oops)
Heap:
 PSYoungGen      total 424448K, used 297714K [0x0000000715f00000, 0x0000000731280000, 0x00000007c0000000)
  eden space 402944K, 73% used [0x0000000715f00000,0x00000007281bc8c8,0x000000072e880000)
  from space 21504K, 0% used [0x000000072e880000,0x000000072e880000,0x000000072fd80000)
  to   space 21504K, 0% used [0x000000072fd80000,0x000000072fd80000,0x0000000731280000)
 ParOldGen       total 301568K, used 90887K [0x00000005c1c00000, 0x00000005d4280000, 0x0000000715f00000)
  object space 301568K, 30% used [0x00000005c1c00000,0x00000005c74c1d80,0x00000005d4280000)
 Metaspace       used 45942K, capacity 46702K, committed 47104K, reserved 1089536K
  class space    used 6392K, capacity 6609K, committed 6656K, reserved 1048576K
GC Heap History (10 events):
Event: 9.512 GC heap before
{Heap before GC invocations=9 (full 4):
 PSYoungGen      total 409600K, used 6481K [0x0000000715f00000, 0x0000000731280000, 0x00000007c0000000)
  eden space 402944K, 0% used [0x0000000715f00000,0x0000000715f00000,0x000000072e880000)
  from space 6656K, 97% used [0x000000072f300000,0x000000072f954480,0x000000072f980000)
  to   space 21504K, 0% used [0x000000072fd80000,0x000000072fd80000,0x0000000731280000)
 ParOldGen       total 301568K, used 47740K [0x00000005c1c00000, 0x00000005d4280000, 0x0000000715f00000)
  object space 301568K, 15% used [0x00000005c1c00000,0x00000005c4a9f0d0,0x00000005d4280000)
 Metaspace       used 41984K, capacity 42516K, committed 42752K, reserved 1085440K
  class space    used 6188K, capacity 6384K, committed 6400K, reserved 1048576K
Event: 9.609 GC heap after
Heap after GC invocations=9 (full 4):
 PSYoungGen      total 409600K, used 0K [0x0000000715f00000, 0x0000000731280000, 0x00000007c0000000)
  eden space 402944K, 0% used [0x0000000715f00000,0x0000000715f00000,0x000000072e880000)
  from space 6656K, 0% used [0x000000072f300000,0x000000072f300000,0x000000072f980000)
  to   space 21504K, 0% used [0x000000072fd80000,0x000000072fd80000,0x0000000731280000)
 ParOldGen       total 301568K, used 49028K [0x00000005c1c00000, 0x00000005d4280000, 0x0000000715f00000)
  object space 301568K, 16% used [0x00000005c1c00000,0x00000005c4be1250,0x00000005d4280000)
 Metaspace       used 41984K, capacity 42516K, committed 42752K, reserved 1085440K
  class space    used 6188K, capacity 6384K, committed 6400K, reserved 1048576K
}
Event: 9.609 GC heap before
{Heap before GC invocations=10 (full 4):
 PSYoungGen      total 409600K, used 0K [0x0000000715f00000, 0x0000000731280000, 0x00000007c0000000)
  eden space 402944K, 0% used [0x0000000715f00000,0x0000000715f00000,0x000000072e880000)
  from space 6656K, 0% used [0x000000072f300000,0x000000072f300000,0x000000072f980000)
  to   space 21504K, 0% used [0x000000072fd80000,0x000000072fd80000,0x0000000731280000)
 ParOldGen       total 301568K, used 49028K [0x00000005c1c00000, 0x00000005d4280000, 0x0000000715f00000)
  object space 301568K, 16% used [0x00000005c1c00000,0x00000005c4be1250,0x00000005d4280000)
 Metaspace       used 41984K, capacity 42516K, committed 42752K, reserved 1085440K
  class space    used 6188K, capacity 6384K, committed 6400K, reserved 1048576K
Event: 9.611 GC heap after
Heap after GC invocations=10 (full 4):
 PSYoungGen      total 424448K, used 0K [0x0000000715f00000, 0x0000000731280000, 0x00000007c0000000)
  eden space 402944K, 0% used [0x0000000715f00000,0x0000000715f00000,0x000000072e880000)
  from space 21504K, 0% used [0x000000072fd80000,0x000000072fd80000,0x0000000731280000)
  to   space 21504K, 0% used [0x000000072e880000,0x000000072e880000,0x000000072fd80000)
 ParOldGen       total 301568K, used 49028K [0x00000005c1c00000, 0x00000005d4280000, 0x0000000715f00000)
  object space 301568K, 16% used [0x00000005c1c00000,0x00000005c4be1250,0x00000005d4280000)
 Metaspace       used 41984K, capacity 42516K, committed 42752K, reserved 1085440K
  class space    used 6188K, capacity 6384K, committed 6400K, reserved 1048576K
}
Event: 9.611 GC heap before
{Heap before GC invocations=11 (full 5):
 PSYoungGen      total 424448K, used 0K [0x0000000715f00000, 0x0000000731280000, 0x00000007c0000000)
  eden space 402944K, 0% used [0x0000000715f00000,0x0000000715f00000,0x000000072e880000)
  from space 21504K, 0% used [0x000000072fd80000,0x000000072fd80000,0x0000000731280000)
  to   space 21504K, 0% used [0x000000072e880000,0x000000072e880000,0x000000072fd80000)
 ParOldGen       total 301568K, used 49028K [0x00000005c1c00000, 0x00000005d4280000, 0x0000000715f00000)
  object space 301568K, 16% used [0x00000005c1c00000,0x00000005c4be1250,0x00000005d4280000)
 Metaspace       used 41984K, capacity 42516K, committed 42752K, reserved 1085440K
  class space    used 6188K, capacity 6384K, committed 6400K, reserved 1048576K
Event: 9.645 GC heap after
Heap after GC invocations=11 (full 5):
 PSYoungGen      total 424448K, used 0K [0x0000000715f00000, 0x0000000731280000, 0x00000007c0000000)
  eden space 402944K, 0% used [0x0000000715f00000,0x0000000715f00000,0x000000072e880000)
  from space 21504K, 0% used [0x000000072fd80000,0x000000072fd80000,0x0000000731280000)
  to   space 21504K, 0% used [0x000000072e880000,0x000000072e880000,0x000000072fd80000)
 ParOldGen       total 301568K, used 49028K [0x00000005c1c00000, 0x00000005d4280000, 0x0000000715f00000)
  object space 301568K, 16% used [0x00000005c1c00000,0x00000005c4be1250,0x00000005d4280000)
 Metaspace       used 41984K, capacity 42516K, committed 42752K, reserved 1085440K
  class space    used 6188K, capacity 6384K, committed 6400K, reserved 1048576K
}
Event: 10.836 GC heap before
{Heap before GC invocations=12 (full 5):
 PSYoungGen      total 424448K, used 166961K [0x0000000715f00000, 0x0000000731280000, 0x00000007c0000000)
  eden space 402944K, 41% used [0x0000000715f00000,0x000000072020c638,0x000000072e880000)
  from space 21504K, 0% used [0x000000072fd80000,0x000000072fd80000,0x0000000731280000)
  to   space 21504K, 0% used [0x000000072e880000,0x000000072e880000,0x000000072fd80000)
 ParOldGen       total 301568K, used 49028K [0x00000005c1c00000, 0x00000005d4280000, 0x0000000715f00000)
  object space 301568K, 16% used [0x00000005c1c00000,0x00000005c4be1250,0x00000005d4280000)
 Metaspace       used 44134K, capacity 44720K, committed 45056K, reserved 1087488K
  class space    used 6354K, capacity 6554K, committed 6656K, reserved 1048576K
Event: 10.855 GC heap after
Heap after GC invocations=12 (full 5):
 PSYoungGen      total 424448K, used 21499K [0x0000000715f00000, 0x0000000731280000, 0x00000007c0000000)
  eden space 402944K, 0% used [0x0000000715f00000,0x0000000715f00000,0x000000072e880000)
  from space 21504K, 99% used [0x000000072e880000,0x000000072fd7ef48,0x000000072fd80000)
  to   space 21504K, 0% used [0x000000072fd80000,0x000000072fd80000,0x0000000731280000)
 ParOldGen       total 301568K, used 77306K [0x00000005c1c00000, 0x00000005d4280000, 0x0000000715f00000)
  object space 301568K, 25% used [0x00000005c1c00000,0x00000005c677e9b8,0x00000005d4280000)
 Metaspace       used 44134K, capacity 44720K, committed 45056K, reserved 1087488K
  class space    used 6354K, capacity 6554K, committed 6656K, reserved 1048576K
}
Event: 10.855 GC heap before
{Heap before GC invocations=13 (full 6):
 PSYoungGen      total 424448K, used 21499K [0x0000000715f00000, 0x0000000731280000, 0x00000007c0000000)
  eden space 402944K, 0% used [0x0000000715f00000,0x0000000715f00000,0x000000072e880000)
  from space 21504K, 99% used [0x000000072e880000,0x000000072fd7ef48,0x000000072fd80000)
  to   space 21504K, 0% used [0x000000072fd80000,0x000000072fd80000,0x0000000731280000)
 ParOldGen       total 301568K, used 77306K [0x00000005c1c00000, 0x00000005d4280000, 0x0000000715f00000)
  object space 301568K, 25% used [0x00000005c1c00000,0x00000005c677e9b8,0x00000005d4280000)
 Metaspace       used 44134K, capacity 44720K, committed 45056K, reserved 1087488K
  class space    used 6354K, capacity 6554K, committed 6656K, reserved 1048576K
Event: 10.957 GC heap after
Heap after GC invocations=13 (full 6):
 PSYoungGen      total 424448K, used 0K [0x0000000715f00000, 0x0000000731280000, 0x00000007c0000000)
  eden space 402944K, 0% used [0x0000000715f00000,0x0000000715f00000,0x000000072e880000)
  from space 21504K, 0% used [0x000000072e880000,0x000000072e880000,0x000000072fd80000)
  to   space 21504K, 0% used [0x000000072fd80000,0x000000072fd80000,0x0000000731280000)
 ParOldGen       total 301568K, used 90887K [0x00000005c1c00000, 0x00000005d4280000, 0x0000000715f00000)
  object space 301568K, 30% used [0x00000005c1c00000,0x00000005c74c1d80,0x00000005d4280000)
 Metaspace       used 44134K, capacity 44720K, committed 45056K, reserved 1087488K
  class space    used 6354K, capacity 6554K, committed 6656K, reserved 1048576K
}

