# JRE version: Java(TM) SE Runtime Environment (8.0_391) (build 1.8.0_391-b13)
# Java VM: Java HotSpot(TM) 64-Bit Server VM (25.391-b13 mixed mode windows-amd64 compressed oops)
Heap:
 PSYoungGen      total 421376K, used 98173K [0x0000000715f00000, 0x0000000730f80000, 0x00000007c0000000)
  eden space 399872K, 24% used [0x0000000715f00000,0x000000071bedf520,0x000000072e580000)
  from space 21504K, 0% used [0x000000072e580000,0x000000072e580000,0x000000072fa80000)
  to   space 21504K, 0% used [0x000000072fa80000,0x000000072fa80000,0x0000000730f80000)
 ParOldGen       total 304128K, used 89084K [0x00000005c1c00000, 0x00000005d4500000, 0x0000000715f00000)
  object space 304128K, 29% used [0x00000005c1c00000,0x00000005c72ff0c0,0x00000005d4500000)
 Metaspace       used 45410K, capacity 46042K, committed 46336K, reserved 1089536K
  class space    used 6388K, capacity 6605K, committed 6656K, reserved 1048576K
GC Heap History (10 events):
Event: 15.345 GC heap before
{Heap before GC invocations=9 (full 4):
 PSYoungGen      total 408064K, used 8150K [0x0000000715f00000, 0x0000000730f80000, 0x00000007c0000000)
  eden space 399872K, 0% used [0x0000000715f00000,0x0000000715f00000,0x000000072e580000)
  from space 8192K, 99% used [0x000000072f180000,0x000000072f975900,0x000000072f980000)
  to   space 21504K, 0% used [0x000000072fa80000,0x000000072fa80000,0x0000000730f80000)
 ParOldGen       total 304128K, used 47739K [0x00000005c1c00000, 0x00000005d4500000, 0x0000000715f00000)
  object space 304128K, 15% used [0x00000005c1c00000,0x00000005c4a9ef90,0x00000005d4500000)
 Metaspace       used 42183K, capacity 42772K, committed 43008K, reserved 1085440K
  class space    used 6195K, capacity 6384K, committed 6400K, reserved 1048576K
Event: 15.448 GC heap after
Heap after GC invocations=9 (full 4):
 PSYoungGen      total 408064K, used 0K [0x0000000715f00000, 0x0000000730f80000, 0x00000007c0000000)
  eden space 399872K, 0% used [0x0000000715f00000,0x0000000715f00000,0x000000072e580000)
  from space 8192K, 0% used [0x000000072f180000,0x000000072f180000,0x000000072f980000)
  to   space 21504K, 0% used [0x000000072fa80000,0x000000072fa80000,0x0000000730f80000)
 ParOldGen       total 304128K, used 49589K [0x00000005c1c00000, 0x00000005d4500000, 0x0000000715f00000)
  object space 304128K, 16% used [0x00000005c1c00000,0x00000005c4c6d718,0x00000005d4500000)
 Metaspace       used 42183K, capacity 42772K, committed 43008K, reserved 1085440K
  class space    used 6195K, capacity 6384K, committed 6400K, reserved 1048576K
}
Event: 15.448 GC heap before
{Heap before GC invocations=10 (full 4):
 PSYoungGen      total 408064K, used 0K [0x0000000715f00000, 0x0000000730f80000, 0x00000007c0000000)
  eden space 399872K, 0% used [0x0000000715f00000,0x0000000715f00000,0x000000072e580000)
  from space 8192K, 0% used [0x000000072f180000,0x000000072f180000,0x000000072f980000)
  to   space 21504K, 0% used [0x000000072fa80000,0x000000072fa80000,0x0000000730f80000)
 ParOldGen       total 304128K, used 49589K [0x00000005c1c00000, 0x00000005d4500000, 0x0000000715f00000)
  object space 304128K, 16% used [0x00000005c1c00000,0x00000005c4c6d718,0x00000005d4500000)
 Metaspace       used 42183K, capacity 42772K, committed 43008K, reserved 1085440K
  class space    used 6195K, capacity 6384K, committed 6400K, reserved 1048576K
Event: 15.450 GC heap after
Heap after GC invocations=10 (full 4):
 PSYoungGen      total 421376K, used 0K [0x0000000715f00000, 0x0000000730f80000, 0x00000007c0000000)
  eden space 399872K, 0% used [0x0000000715f00000,0x0000000715f00000,0x000000072e580000)
  from space 21504K, 0% used [0x000000072fa80000,0x000000072fa80000,0x0000000730f80000)
  to   space 21504K, 0% used [0x000000072e580000,0x000000072e580000,0x000000072fa80000)
 ParOldGen       total 304128K, used 49589K [0x00000005c1c00000, 0x00000005d4500000, 0x0000000715f00000)
  object space 304128K, 16% used [0x00000005c1c00000,0x00000005c4c6d718,0x00000005d4500000)
 Metaspace       used 42183K, capacity 42772K, committed 43008K, reserved 1085440K
  class space    used 6195K, capacity 6384K, committed 6400K, reserved 1048576K
}
Event: 15.450 GC heap before
{Heap before GC invocations=11 (full 5):
 PSYoungGen      total 421376K, used 0K [0x0000000715f00000, 0x0000000730f80000, 0x00000007c0000000)
  eden space 399872K, 0% used [0x0000000715f00000,0x0000000715f00000,0x000000072e580000)
  from space 21504K, 0% used [0x000000072fa80000,0x000000072fa80000,0x0000000730f80000)
  to   space 21504K, 0% used [0x000000072e580000,0x000000072e580000,0x000000072fa80000)
 ParOldGen       total 304128K, used 49589K [0x00000005c1c00000, 0x00000005d4500000, 0x0000000715f00000)
  object space 304128K, 16% used [0x00000005c1c00000,0x00000005c4c6d718,0x00000005d4500000)
 Metaspace       used 42183K, capacity 42772K, committed 43008K, reserved 1085440K
  class space    used 6195K, capacity 6384K, committed 6400K, reserved 1048576K
Event: 15.483 GC heap after
Heap after GC invocations=11 (full 5):
 PSYoungGen      total 421376K, used 0K [0x0000000715f00000, 0x0000000730f80000, 0x00000007c0000000)
  eden space 399872K, 0% used [0x0000000715f00000,0x0000000715f00000,0x000000072e580000)
  from space 21504K, 0% used [0x000000072fa80000,0x000000072fa80000,0x0000000730f80000)
  to   space 21504K, 0% used [0x000000072e580000,0x000000072e580000,0x000000072fa80000)
 ParOldGen       total 304128K, used 49589K [0x00000005c1c00000, 0x00000005d4500000, 0x0000000715f00000)
  object space 304128K, 16% used [0x00000005c1c00000,0x00000005c4c6d718,0x00000005d4500000)
 Metaspace       used 42183K, capacity 42772K, committed 43008K, reserved 1085440K
  class space    used 6195K, capacity 6384K, committed 6400K, reserved 1048576K
}
Event: 16.418 GC heap before
{Heap before GC invocations=12 (full 5):
 PSYoungGen      total 421376K, used 165096K [0x0000000715f00000, 0x0000000730f80000, 0x00000007c0000000)
  eden space 399872K, 41% used [0x0000000715f00000,0x000000072003a200,0x000000072e580000)
  from space 21504K, 0% used [0x000000072fa80000,0x000000072fa80000,0x0000000730f80000)
  to   space 21504K, 0% used [0x000000072e580000,0x000000072e580000,0x000000072fa80000)
 ParOldGen       total 304128K, used 49589K [0x00000005c1c00000, 0x00000005d4500000, 0x0000000715f00000)
  object space 304128K, 16% used [0x00000005c1c00000,0x00000005c4c6d718,0x00000005d4500000)
 Metaspace       used 44292K, capacity 44848K, committed 45312K, reserved 1087488K
  class space    used 6363K, capacity 6554K, committed 6656K, reserved 1048576K
Event: 16.435 GC heap after
Heap after GC invocations=12 (full 5):
 PSYoungGen      total 421376K, used 21491K [0x0000000715f00000, 0x0000000730f80000, 0x00000007c0000000)
  eden space 399872K, 0% used [0x0000000715f00000,0x0000000715f00000,0x000000072e580000)
  from space 21504K, 99% used [0x000000072e580000,0x000000072fa7cd28,0x000000072fa80000)
  to   space 21504K, 0% used [0x000000072fa80000,0x000000072fa80000,0x0000000730f80000)
 ParOldGen       total 304128K, used 74392K [0x00000005c1c00000, 0x00000005d4500000, 0x0000000715f00000)
  object space 304128K, 24% used [0x00000005c1c00000,0x00000005c64a6010,0x00000005d4500000)
 Metaspace       used 44292K, capacity 44848K, committed 45312K, reserved 1087488K
  class space    used 6363K, capacity 6554K, committed 6656K, reserved 1048576K
}
Event: 16.435 GC heap before
{Heap before GC invocations=13 (full 6):
 PSYoungGen      total 421376K, used 21491K [0x0000000715f00000, 0x0000000730f80000, 0x00000007c0000000)
  eden space 399872K, 0% used [0x0000000715f00000,0x0000000715f00000,0x000000072e580000)
  from space 21504K, 99% used [0x000000072e580000,0x000000072fa7cd28,0x000000072fa80000)
  to   space 21504K, 0% used [0x000000072fa80000,0x000000072fa80000,0x0000000730f80000)
 ParOldGen       total 304128K, used 74392K [0x00000005c1c00000, 0x00000005d4500000, 0x0000000715f00000)
  object space 304128K, 24% used [0x00000005c1c00000,0x00000005c64a6010,0x00000005d4500000)
 Metaspace       used 44292K, capacity 44848K, committed 45312K, reserved 1087488K
  class space    used 6363K, capacity 6554K, committed 6656K, reserved 1048576K
Event: 16.546 GC heap after
Heap after GC invocations=13 (full 6):
 PSYoungGen      total 421376K, used 0K [0x0000000715f00000, 0x0000000730f80000, 0x00000007c0000000)
  eden space 399872K, 0% used [0x0000000715f00000,0x0000000715f00000,0x000000072e580000)
  from space 21504K, 0% used [0x000000072e580000,0x000000072e580000,0x000000072fa80000)
  to   space 21504K, 0% used [0x000000072fa80000,0x000000072fa80000,0x0000000730f80000)
 ParOldGen       total 304128K, used 89084K [0x00000005c1c00000, 0x00000005d4500000, 0x0000000715f00000)
  object space 304128K, 29% used [0x00000005c1c00000,0x00000005c72ff0c0,0x00000005d4500000)
 Metaspace       used 44292K, capacity 44848K, committed 45312K, reserved 1087488K
  class space    used 6363K, capacity 6554K, committed 6656K, reserved 1048576K
}

